Base path: /Applications/Unity/Unity.app/Contents
Pipe name: \\.\pipe\UnityShaderCompiler-1--1596632664
Cmd: getPlatforms
Cmd: compileSnippet
  api=0 type=0 insize=4750 outsize=583 kw=DIRECTIONAL SHADOWS_OFF LIGHTMAP_ON DIRLIGHTMAP_OFF ok=1
Cmd: compileSnippet
  api=0 type=1 insize=4750 outsize=461 kw=DIRECTIONAL SHADOWS_OFF LIGHTMAP_ON DIRLIGHTMAP_OFF ok=1
Cmd: preprocess
  insize=834 outsize=950 ok=1
Cmd: compileSnippet
  api=0 type=0 insize=4785 outsize=1066 kw=DIRECTIONAL SHADOWS_OFF LIGHTMAP_OFF DIRLIGHTMAP_OFF ok=1
Cmd: compileSnippet
  api=0 type=1 insize=4785 outsize=406 kw=DIRECTIONAL SHADOWS_OFF LIGHTMAP_OFF DIRLIGHTMAP_OFF ok=1
Cmd: compileSnippet
  api=0 type=0 insize=2730 outsize=865 kw=POINT ok=1
Cmd: compileSnippet
  api=0 type=1 insize=2730 outsize=365 kw=POINT ok=1
Cmd: compileSnippet
  api=0 type=0 insize=4785 outsize=1644 kw=DIRECTIONAL SHADOWS_OFF LIGHTMAP_OFF DIRLIGHTMAP_OFF VERTEXLIGHT_ON ok=1
Cmd: compileSnippet
  api=0 type=0 insize=4785 outsize=583 kw=DIRECTIONAL SHADOWS_OFF LIGHTMAP_ON DIRLIGHTMAP_OFF ok=1
Cmd: compileSnippet
  api=0 type=1 insize=4785 outsize=488 kw=DIRECTIONAL SHADOWS_OFF LIGHTMAP_ON DIRLIGHTMAP_OFF ok=1
Cmd: compileSnippet
  api=0 type=0 insize=2730 outsize=707 kw=DIRECTIONAL ok=1
Cmd: compileSnippet
  api=0 type=1 insize=2730 outsize=365 kw=DIRECTIONAL ok=1
Cmd: preprocess
  insize=948 outsize=1003 ok=1
Cmd: compileSnippet
  api=0 type=0 insize=4848 outsize=1066 kw=DIRECTIONAL SHADOWS_OFF LIGHTMAP_OFF DIRLIGHTMAP_OFF ok=1
Cmd: compileSnippet
  api=0 type=1 insize=4848 outsize=460 kw=DIRECTIONAL SHADOWS_OFF LIGHTMAP_OFF DIRLIGHTMAP_OFF ok=1
Cmd: compileSnippet
  api=0 type=0 insize=2793 outsize=865 kw=POINT ok=1
Cmd: compileSnippet
  api=0 type=1 insize=2793 outsize=417 kw=POINT ok=1
Cmd: compileSnippet
  api=0 type=0 insize=4848 outsize=1644 kw=DIRECTIONAL SHADOWS_OFF LIGHTMAP_OFF DIRLIGHTMAP_OFF VERTEXLIGHT_ON ok=1
Cmd: preprocess
  insize=948 outsize=1003 ok=1
Cmd: compileSnippet
  api=0 type=0 insize=4848 outsize=1066 kw=DIRECTIONAL SHADOWS_OFF LIGHTMAP_OFF DIRLIGHTMAP_OFF ok=1
Cmd: compileSnippet
  api=0 type=1 insize=4848 outsize=462 kw=DIRECTIONAL SHADOWS_OFF LIGHTMAP_OFF DIRLIGHTMAP_OFF ok=1
Cmd: compileSnippet
  api=0 type=0 insize=2793 outsize=865 kw=POINT ok=1
Cmd: compileSnippet
  api=0 type=1 insize=2793 outsize=419 kw=POINT ok=1
Cmd: compileSnippet
  api=0 type=0 insize=4848 outsize=1644 kw=DIRECTIONAL SHADOWS_OFF LIGHTMAP_OFF DIRLIGHTMAP_OFF VERTEXLIGHT_ON ok=1
Cmd: preprocess
  insize=956 outsize=1002 ok=1
Cmd: compileSnippet
  api=0 type=0 insize=4856 outsize=1066 kw=DIRECTIONAL SHADOWS_OFF LIGHTMAP_OFF DIRLIGHTMAP_OFF ok=1
Cmd: compileSnippet
  api=0 type=1 insize=4856 outsize=490 kw=DIRECTIONAL SHADOWS_OFF LIGHTMAP_OFF DIRLIGHTMAP_OFF ok=1
Cmd: compileSnippet
  api=0 type=0 insize=2801 outsize=865 kw=POINT ok=1
Cmd: compileSnippet
  api=0 type=1 insize=2801 outsize=445 kw=POINT ok=1
Cmd: compileSnippet
  api=0 type=0 insize=4856 outsize=1644 kw=DIRECTIONAL SHADOWS_OFF LIGHTMAP_OFF DIRLIGHTMAP_OFF VERTEXLIGHT_ON ok=1
Cmd: preprocess
  insize=957 outsize=1003 ok=1
Cmd: compileSnippet
  api=0 type=0 insize=4857 outsize=1066 kw=DIRECTIONAL SHADOWS_OFF LIGHTMAP_OFF DIRLIGHTMAP_OFF ok=1
Cmd: compileSnippet
  api=0 type=1 insize=4857 outsize=491 kw=DIRECTIONAL SHADOWS_OFF LIGHTMAP_OFF DIRLIGHTMAP_OFF ok=1
Cmd: compileSnippet
  api=0 type=0 insize=2802 outsize=865 kw=POINT ok=1
Cmd: compileSnippet
  api=0 type=1 insize=2802 outsize=446 kw=POINT ok=1
Cmd: compileSnippet
  api=0 type=0 insize=4857 outsize=1644 kw=DIRECTIONAL SHADOWS_OFF LIGHTMAP_OFF DIRLIGHTMAP_OFF VERTEXLIGHT_ON ok=1
Cmd: preprocess
  insize=974 outsize=1003 ok=1
Cmd: compileSnippet
  api=0 type=0 insize=4874 outsize=1066 kw=DIRECTIONAL SHADOWS_OFF LIGHTMAP_OFF DIRLIGHTMAP_OFF ok=1
Cmd: compileSnippet
  api=0 type=1 insize=4874 outsize=513 kw=DIRECTIONAL SHADOWS_OFF LIGHTMAP_OFF DIRLIGHTMAP_OFF ok=1
Cmd: compileSnippet
  api=0 type=0 insize=2819 outsize=865 kw=POINT ok=1
Cmd: compileSnippet
  api=0 type=1 insize=2819 outsize=468 kw=POINT ok=1
Cmd: compileSnippet
  api=0 type=0 insize=4874 outsize=1644 kw=DIRECTIONAL SHADOWS_OFF LIGHTMAP_OFF DIRLIGHTMAP_OFF VERTEXLIGHT_ON ok=1
Cmd: preprocess
  insize=974 outsize=1001 ok=1
Cmd: compileSnippet
  api=0 type=0 insize=4874 outsize=1066 kw=DIRECTIONAL SHADOWS_OFF LIGHTMAP_OFF DIRLIGHTMAP_OFF ok=1
Cmd: compileSnippet
  api=0 type=1 insize=4874 outsize=515 kw=DIRECTIONAL SHADOWS_OFF LIGHTMAP_OFF DIRLIGHTMAP_OFF ok=1
Cmd: compileSnippet
  api=0 type=0 insize=2819 outsize=865 kw=POINT ok=1
Cmd: compileSnippet
  api=0 type=1 insize=2819 outsize=470 kw=POINT ok=1
Cmd: compileSnippet
  api=0 type=0 insize=4874 outsize=1644 kw=DIRECTIONAL SHADOWS_OFF LIGHTMAP_OFF DIRLIGHTMAP_OFF VERTEXLIGHT_ON ok=1
Cmd: preprocess
  insize=992 outsize=1002 ok=1
Cmd: compileSnippet
  api=0 type=0 insize=4892 outsize=1066 kw=DIRECTIONAL SHADOWS_OFF LIGHTMAP_OFF DIRLIGHTMAP_OFF ok=1
Cmd: compileSnippet
  api=0 type=1 insize=4892 outsize=406 kw=DIRECTIONAL SHADOWS_OFF LIGHTMAP_OFF DIRLIGHTMAP_OFF ok=1
Cmd: compileSnippet
  api=0 type=0 insize=2837 outsize=865 kw=POINT ok=1
Cmd: compileSnippet
  api=0 type=1 insize=2837 outsize=365 kw=POINT ok=1
Cmd: compileSnippet
  api=0 type=0 insize=4892 outsize=1644 kw=DIRECTIONAL SHADOWS_OFF LIGHTMAP_OFF DIRLIGHTMAP_OFF VERTEXLIGHT_ON ok=1
Cmd: preprocess
  insize=988 outsize=1002 ok=1
Cmd: compileSnippet
  api=0 type=0 insize=4888 outsize=1066 kw=DIRECTIONAL SHADOWS_OFF LIGHTMAP_OFF DIRLIGHTMAP_OFF ok=1
Cmd: compileSnippet
  api=0 type=1 insize=4888 outsize=515 kw=DIRECTIONAL SHADOWS_OFF LIGHTMAP_OFF DIRLIGHTMAP_OFF ok=1
Cmd: compileSnippet
  api=0 type=0 insize=2833 outsize=865 kw=POINT ok=1
Cmd: compileSnippet
  api=0 type=1 insize=2833 outsize=470 kw=POINT ok=1
Cmd: compileSnippet
  api=0 type=0 insize=4888 outsize=1644 kw=DIRECTIONAL SHADOWS_OFF LIGHTMAP_OFF DIRLIGHTMAP_OFF VERTEXLIGHT_ON ok=1
Cmd: preprocess
  insize=1037 outsize=1003 ok=1
Cmd: compileSnippet
  api=0 type=0 insize=4937 outsize=1066 kw=DIRECTIONAL SHADOWS_OFF LIGHTMAP_OFF DIRLIGHTMAP_OFF ok=1
Cmd: compileSnippet
  api=0 type=1 insize=4937 outsize=609 kw=DIRECTIONAL SHADOWS_OFF LIGHTMAP_OFF DIRLIGHTMAP_OFF ok=1
Cmd: compileSnippet
  api=0 type=0 insize=2882 outsize=865 kw=POINT ok=1
Cmd: compileSnippet
  api=0 type=1 insize=2882 outsize=578 kw=POINT ok=1
Cmd: compileSnippet
  api=0 type=0 insize=4937 outsize=1644 kw=DIRECTIONAL SHADOWS_OFF LIGHTMAP_OFF DIRLIGHTMAP_OFF VERTEXLIGHT_ON ok=1
Cmd: preprocess
  insize=1038 outsize=1001 ok=1
Cmd: compileSnippet
  api=0 type=0 insize=4938 outsize=1066 kw=DIRECTIONAL SHADOWS_OFF LIGHTMAP_OFF DIRLIGHTMAP_OFF ok=1
Cmd: compileSnippet
  api=0 type=1 insize=4938 outsize=616 kw=DIRECTIONAL SHADOWS_OFF LIGHTMAP_OFF DIRLIGHTMAP_OFF ok=1
Cmd: compileSnippet
  api=0 type=0 insize=2883 outsize=865 kw=POINT ok=1
Cmd: compileSnippet
  api=0 type=1 insize=2883 outsize=585 kw=POINT ok=1
Cmd: compileSnippet
  api=0 type=0 insize=4938 outsize=1644 kw=DIRECTIONAL SHADOWS_OFF LIGHTMAP_OFF DIRLIGHTMAP_OFF VERTEXLIGHT_ON ok=1
Cmd: preprocess
  insize=1012 outsize=1003 ok=1
Cmd: compileSnippet
  api=0 type=0 insize=4912 outsize=1066 kw=DIRECTIONAL SHADOWS_OFF LIGHTMAP_OFF DIRLIGHTMAP_OFF ok=1
Cmd: compileSnippet
  api=0 type=1 insize=4912 outsize=586 kw=DIRECTIONAL SHADOWS_OFF LIGHTMAP_OFF DIRLIGHTMAP_OFF ok=1
Cmd: compileSnippet
  api=0 type=0 insize=2857 outsize=865 kw=POINT ok=1
Cmd: compileSnippet
  api=0 type=1 insize=2857 outsize=546 kw=POINT ok=1
Cmd: compileSnippet
  api=0 type=0 insize=4912 outsize=1644 kw=DIRECTIONAL SHADOWS_OFF LIGHTMAP_OFF DIRLIGHTMAP_OFF VERTEXLIGHT_ON ok=1
Cmd: preprocess
  insize=1012 outsize=1003 ok=1
Cmd: compileSnippet
  api=0 type=0 insize=4912 outsize=1066 kw=DIRECTIONAL SHADOWS_OFF LIGHTMAP_OFF DIRLIGHTMAP_OFF ok=1
Cmd: compileSnippet
  api=0 type=1 insize=4912 outsize=586 kw=DIRECTIONAL SHADOWS_OFF LIGHTMAP_OFF DIRLIGHTMAP_OFF ok=1
Cmd: compileSnippet
  api=0 type=0 insize=2857 outsize=865 kw=POINT ok=1
Cmd: compileSnippet
  api=0 type=1 insize=2857 outsize=546 kw=POINT ok=1
Cmd: compileSnippet
  api=0 type=0 insize=4912 outsize=1644 kw=DIRECTIONAL SHADOWS_OFF LIGHTMAP_OFF DIRLIGHTMAP_OFF VERTEXLIGHT_ON ok=1
Cmd: preprocess
  error: 2 plat 1 at (32): undefined variable "rand"
  insize=1128 outsize=1690 ok=0
Cmd: preprocess
  insize=1129 outsize=1002 ok=1
Cmd: compileSnippet
  api=0 type=0 insize=5029 outsize=1066 kw=DIRECTIONAL SHADOWS_OFF LIGHTMAP_OFF DIRLIGHTMAP_OFF ok=1
Cmd: compileSnippet
  api=0 type=1 insize=5029 outsize=694 kw=DIRECTIONAL SHADOWS_OFF LIGHTMAP_OFF DIRLIGHTMAP_OFF ok=1
Cmd: compileSnippet
  api=0 type=0 insize=2974 outsize=865 kw=POINT ok=1
Cmd: compileSnippet
  api=0 type=1 insize=2974 outsize=654 kw=POINT ok=1
Cmd: compileSnippet
  api=0 type=0 insize=5029 outsize=1644 kw=DIRECTIONAL SHADOWS_OFF LIGHTMAP_OFF DIRLIGHTMAP_OFF VERTEXLIGHT_ON ok=1
Cmd: preprocess
  insize=1136 outsize=1002 ok=1
Cmd: compileSnippet
  api=0 type=0 insize=5036 outsize=1066 kw=DIRECTIONAL SHADOWS_OFF LIGHTMAP_OFF DIRLIGHTMAP_OFF ok=1
Cmd: compileSnippet
  api=0 type=1 insize=5036 outsize=718 kw=DIRECTIONAL SHADOWS_OFF LIGHTMAP_OFF DIRLIGHTMAP_OFF ok=1
Cmd: compileSnippet
  api=0 type=0 insize=2981 outsize=865 kw=POINT ok=1
Cmd: compileSnippet
  api=0 type=1 insize=2981 outsize=684 kw=POINT ok=1
Cmd: compileSnippet
  api=0 type=0 insize=5036 outsize=1644 kw=DIRECTIONAL SHADOWS_OFF LIGHTMAP_OFF DIRLIGHTMAP_OFF VERTEXLIGHT_ON ok=1
Cmd: preprocess
  insize=1159 outsize=1001 ok=1
Cmd: compileSnippet
  api=0 type=0 insize=5059 outsize=1066 kw=DIRECTIONAL SHADOWS_OFF LIGHTMAP_OFF DIRLIGHTMAP_OFF ok=1
Cmd: compileSnippet
  api=0 type=1 insize=5059 outsize=678 kw=DIRECTIONAL SHADOWS_OFF LIGHTMAP_OFF DIRLIGHTMAP_OFF ok=1
Cmd: compileSnippet
  api=0 type=0 insize=3004 outsize=865 kw=POINT ok=1
Cmd: compileSnippet
  api=0 type=1 insize=3004 outsize=632 kw=POINT ok=1
Cmd: compileSnippet
  api=0 type=0 insize=5059 outsize=1644 kw=DIRECTIONAL SHADOWS_OFF LIGHTMAP_OFF DIRLIGHTMAP_OFF VERTEXLIGHT_ON ok=1
Cmd: compileSnippet
  api=0 type=0 insize=5059 outsize=583 kw=DIRECTIONAL SHADOWS_OFF LIGHTMAP_ON DIRLIGHTMAP_OFF ok=1
Cmd: compileSnippet
  api=0 type=1 insize=5059 outsize=758 kw=DIRECTIONAL SHADOWS_OFF LIGHTMAP_ON DIRLIGHTMAP_OFF ok=1
Cmd: compileSnippet
  api=0 type=0 insize=3004 outsize=707 kw=DIRECTIONAL ok=1
Cmd: compileSnippet
  api=0 type=1 insize=3004 outsize=632 kw=DIRECTIONAL ok=1
Cmd: preprocess
  insize=1180 outsize=1002 ok=1
Cmd: compileSnippet
  api=0 type=0 insize=5080 outsize=1066 kw=DIRECTIONAL SHADOWS_OFF LIGHTMAP_OFF DIRLIGHTMAP_OFF ok=1
Cmd: compileSnippet
  api=0 type=1 insize=5080 outsize=726 kw=DIRECTIONAL SHADOWS_OFF LIGHTMAP_OFF DIRLIGHTMAP_OFF ok=1
Cmd: compileSnippet
  api=0 type=0 insize=3025 outsize=865 kw=POINT ok=1
Cmd: compileSnippet
  api=0 type=1 insize=3025 outsize=686 kw=POINT ok=1
Cmd: compileSnippet
  api=0 type=0 insize=5080 outsize=1644 kw=DIRECTIONAL SHADOWS_OFF LIGHTMAP_OFF DIRLIGHTMAP_OFF VERTEXLIGHT_ON ok=1
Cmd: compileSnippet
  api=0 type=0 insize=5080 outsize=583 kw=DIRECTIONAL SHADOWS_OFF LIGHTMAP_ON DIRLIGHTMAP_OFF ok=1
Cmd: compileSnippet
  api=0 type=1 insize=5080 outsize=814 kw=DIRECTIONAL SHADOWS_OFF LIGHTMAP_ON DIRLIGHTMAP_OFF ok=1
Cmd: preprocess
  insize=1183 outsize=1003 ok=1
Cmd: compileSnippet
  api=0 type=0 insize=5083 outsize=1066 kw=DIRECTIONAL SHADOWS_OFF LIGHTMAP_OFF DIRLIGHTMAP_OFF ok=1
Cmd: compileSnippet
  api=0 type=1 insize=5083 outsize=490 kw=DIRECTIONAL SHADOWS_OFF LIGHTMAP_OFF DIRLIGHTMAP_OFF ok=1
Cmd: compileSnippet
  api=0 type=0 insize=3028 outsize=865 kw=POINT ok=1
Cmd: compileSnippet
  api=0 type=1 insize=3028 outsize=450 kw=POINT ok=1
Cmd: compileSnippet
  api=0 type=0 insize=5083 outsize=1644 kw=DIRECTIONAL SHADOWS_OFF LIGHTMAP_OFF DIRLIGHTMAP_OFF VERTEXLIGHT_ON ok=1
Cmd: compileSnippet
  api=0 type=0 insize=5083 outsize=583 kw=DIRECTIONAL SHADOWS_OFF LIGHTMAP_ON DIRLIGHTMAP_OFF ok=1
Cmd: compileSnippet
  api=0 type=1 insize=5083 outsize=574 kw=DIRECTIONAL SHADOWS_OFF LIGHTMAP_ON DIRLIGHTMAP_OFF ok=1
Cmd: preprocess
  insize=1195 outsize=1001 ok=1
Cmd: compileSnippet
  api=0 type=0 insize=5095 outsize=1066 kw=DIRECTIONAL SHADOWS_OFF LIGHTMAP_OFF DIRLIGHTMAP_OFF ok=1
Cmd: compileSnippet
  api=0 type=1 insize=5095 outsize=538 kw=DIRECTIONAL SHADOWS_OFF LIGHTMAP_OFF DIRLIGHTMAP_OFF ok=1
Cmd: compileSnippet
  api=0 type=0 insize=3040 outsize=865 kw=POINT ok=1
Cmd: compileSnippet
  api=0 type=1 insize=3040 outsize=498 kw=POINT ok=1
Cmd: compileSnippet
  api=0 type=0 insize=5095 outsize=1644 kw=DIRECTIONAL SHADOWS_OFF LIGHTMAP_OFF DIRLIGHTMAP_OFF VERTEXLIGHT_ON ok=1
Cmd: compileSnippet
  api=0 type=0 insize=5095 outsize=583 kw=DIRECTIONAL SHADOWS_OFF LIGHTMAP_ON DIRLIGHTMAP_OFF ok=1
Cmd: compileSnippet
  api=0 type=1 insize=5095 outsize=618 kw=DIRECTIONAL SHADOWS_OFF LIGHTMAP_ON DIRLIGHTMAP_OFF ok=1
Cmd: preprocess
  insize=1195 outsize=1002 ok=1
Cmd: compileSnippet
  api=0 type=0 insize=5095 outsize=1066 kw=DIRECTIONAL SHADOWS_OFF LIGHTMAP_OFF DIRLIGHTMAP_OFF ok=1
Cmd: compileSnippet
  api=0 type=1 insize=5095 outsize=592 kw=DIRECTIONAL SHADOWS_OFF LIGHTMAP_OFF DIRLIGHTMAP_OFF ok=1
Cmd: compileSnippet
  api=0 type=0 insize=3040 outsize=865 kw=POINT ok=1
Cmd: compileSnippet
  api=0 type=1 insize=3040 outsize=552 kw=POINT ok=1
Cmd: compileSnippet
  api=0 type=0 insize=5095 outsize=1644 kw=DIRECTIONAL SHADOWS_OFF LIGHTMAP_OFF DIRLIGHTMAP_OFF VERTEXLIGHT_ON ok=1
Cmd: compileSnippet
  api=0 type=0 insize=5095 outsize=583 kw=DIRECTIONAL SHADOWS_OFF LIGHTMAP_ON DIRLIGHTMAP_OFF ok=1
Cmd: compileSnippet
  api=0 type=1 insize=5095 outsize=674 kw=DIRECTIONAL SHADOWS_OFF LIGHTMAP_ON DIRLIGHTMAP_OFF ok=1
Cmd: preprocess
  insize=1197 outsize=1002 ok=1
Cmd: compileSnippet
  api=0 type=0 insize=5097 outsize=1066 kw=DIRECTIONAL SHADOWS_OFF LIGHTMAP_OFF DIRLIGHTMAP_OFF ok=1
Cmd: compileSnippet
  api=0 type=1 insize=5097 outsize=592 kw=DIRECTIONAL SHADOWS_OFF LIGHTMAP_OFF DIRLIGHTMAP_OFF ok=1
Cmd: compileSnippet
  api=0 type=0 insize=3042 outsize=865 kw=POINT ok=1
Cmd: compileSnippet
  api=0 type=1 insize=3042 outsize=552 kw=POINT ok=1
Cmd: compileSnippet
  api=0 type=0 insize=5097 outsize=1644 kw=DIRECTIONAL SHADOWS_OFF LIGHTMAP_OFF DIRLIGHTMAP_OFF VERTEXLIGHT_ON ok=1
Cmd: compileSnippet
  api=0 type=0 insize=5097 outsize=583 kw=DIRECTIONAL SHADOWS_OFF LIGHTMAP_ON DIRLIGHTMAP_OFF ok=1
Cmd: compileSnippet
  api=0 type=1 insize=5097 outsize=674 kw=DIRECTIONAL SHADOWS_OFF LIGHTMAP_ON DIRLIGHTMAP_OFF ok=1
Cmd: preprocess
  insize=1197 outsize=1002 ok=1
Cmd: compileSnippet
  api=0 type=0 insize=5097 outsize=1066 kw=DIRECTIONAL SHADOWS_OFF LIGHTMAP_OFF DIRLIGHTMAP_OFF ok=1
Cmd: compileSnippet
  api=0 type=1 insize=5097 outsize=592 kw=DIRECTIONAL SHADOWS_OFF LIGHTMAP_OFF DIRLIGHTMAP_OFF ok=1
Cmd: compileSnippet
  api=0 type=0 insize=3042 outsize=865 kw=POINT ok=1
Cmd: compileSnippet
  api=0 type=1 insize=3042 outsize=552 kw=POINT ok=1
Cmd: compileSnippet
  api=0 type=0 insize=5097 outsize=1644 kw=DIRECTIONAL SHADOWS_OFF LIGHTMAP_OFF DIRLIGHTMAP_OFF VERTEXLIGHT_ON ok=1
Cmd: compileSnippet
  api=0 type=0 insize=5097 outsize=583 kw=DIRECTIONAL SHADOWS_OFF LIGHTMAP_ON DIRLIGHTMAP_OFF ok=1
Cmd: compileSnippet
  api=0 type=1 insize=5097 outsize=674 kw=DIRECTIONAL SHADOWS_OFF LIGHTMAP_ON DIRLIGHTMAP_OFF ok=1
Cmd: preprocess
  insize=1207 outsize=1002 ok=1
Cmd: compileSnippet
  api=0 type=0 insize=5107 outsize=1066 kw=DIRECTIONAL SHADOWS_OFF LIGHTMAP_OFF DIRLIGHTMAP_OFF ok=1
Cmd: compileSnippet
  api=0 type=1 insize=5107 outsize=621 kw=DIRECTIONAL SHADOWS_OFF LIGHTMAP_OFF DIRLIGHTMAP_OFF ok=1
Cmd: compileSnippet
  api=0 type=0 insize=3052 outsize=865 kw=POINT ok=1
Cmd: compileSnippet
  api=0 type=1 insize=3052 outsize=579 kw=POINT ok=1
Cmd: compileSnippet
  api=0 type=0 insize=5107 outsize=1644 kw=DIRECTIONAL SHADOWS_OFF LIGHTMAP_OFF DIRLIGHTMAP_OFF VERTEXLIGHT_ON ok=1
Cmd: compileSnippet
  api=0 type=0 insize=5107 outsize=583 kw=DIRECTIONAL SHADOWS_OFF LIGHTMAP_ON DIRLIGHTMAP_OFF ok=1
Cmd: compileSnippet
  api=0 type=1 insize=5107 outsize=703 kw=DIRECTIONAL SHADOWS_OFF LIGHTMAP_ON DIRLIGHTMAP_OFF ok=1
Cmd: preprocess
  insize=1207 outsize=1002 ok=1
Cmd: compileSnippet
  api=0 type=0 insize=5107 outsize=1066 kw=DIRECTIONAL SHADOWS_OFF LIGHTMAP_OFF DIRLIGHTMAP_OFF ok=1
Cmd: compileSnippet
  api=0 type=1 insize=5107 outsize=567 kw=DIRECTIONAL SHADOWS_OFF LIGHTMAP_OFF DIRLIGHTMAP_OFF ok=1
Cmd: compileSnippet
  api=0 type=0 insize=3052 outsize=865 kw=POINT ok=1
Cmd: compileSnippet
  api=0 type=1 insize=3052 outsize=525 kw=POINT ok=1
Cmd: compileSnippet
  api=0 type=0 insize=5107 outsize=1644 kw=DIRECTIONAL SHADOWS_OFF LIGHTMAP_OFF DIRLIGHTMAP_OFF VERTEXLIGHT_ON ok=1
Cmd: compileSnippet
  api=0 type=0 insize=5107 outsize=583 kw=DIRECTIONAL SHADOWS_OFF LIGHTMAP_ON DIRLIGHTMAP_OFF ok=1
Cmd: compileSnippet
  api=0 type=1 insize=5107 outsize=649 kw=DIRECTIONAL SHADOWS_OFF LIGHTMAP_ON DIRLIGHTMAP_OFF ok=1
Cmd: compileSnippet
  api=0 type=0 insize=3052 outsize=707 kw=DIRECTIONAL ok=1
Cmd: compileSnippet
  api=0 type=1 insize=3052 outsize=525 kw=DIRECTIONAL ok=1
Cmd: preprocess
  insize=1251 outsize=1045 ok=1
Cmd: compileSnippet
  api=0 type=0 insize=5107 outsize=1066 kw=DIRECTIONAL SHADOWS_OFF LIGHTMAP_OFF DIRLIGHTMAP_OFF ok=1
Cmd: compileSnippet
  api=0 type=1 insize=5107 outsize=567 kw=DIRECTIONAL SHADOWS_OFF LIGHTMAP_OFF DIRLIGHTMAP_OFF ok=1
Cmd: compileSnippet
  api=0 type=0 insize=3052 outsize=865 kw=POINT ok=1
Cmd: compileSnippet
  api=0 type=1 insize=3052 outsize=525 kw=POINT ok=1
Cmd: compileSnippet
  api=0 type=0 insize=3052 outsize=707 kw=DIRECTIONAL ok=1
Cmd: compileSnippet
  api=0 type=1 insize=3052 outsize=525 kw=DIRECTIONAL ok=1
Cmd: compileSnippet
  api=0 type=0 insize=5107 outsize=1644 kw=DIRECTIONAL SHADOWS_OFF LIGHTMAP_OFF DIRLIGHTMAP_OFF VERTEXLIGHT_ON ok=1
Cmd: compileSnippet
  api=0 type=0 insize=5107 outsize=583 kw=DIRECTIONAL SHADOWS_OFF LIGHTMAP_ON DIRLIGHTMAP_OFF ok=1
Cmd: compileSnippet
  api=0 type=1 insize=5107 outsize=649 kw=DIRECTIONAL SHADOWS_OFF LIGHTMAP_ON DIRLIGHTMAP_OFF ok=1
Cmd: preprocess
  error: 2 plat 1 at (35): too much data in type constructor
  insize=1109 outsize=1671 ok=0
Cmd: preprocess
  insize=1111 outsize=995 ok=1
Cmd: compileSnippet
  api=0 type=0 insize=5019 outsize=1066 kw=DIRECTIONAL SHADOWS_OFF LIGHTMAP_OFF DIRLIGHTMAP_OFF ok=1
Cmd: compileSnippet
  api=0 type=1 insize=5019 outsize=406 kw=DIRECTIONAL SHADOWS_OFF LIGHTMAP_OFF DIRLIGHTMAP_OFF ok=1
Cmd: compileSnippet
  api=0 type=0 insize=2964 outsize=865 kw=POINT ok=1
Cmd: compileSnippet
  api=0 type=1 insize=2964 outsize=365 kw=POINT ok=1
Cmd: compileSnippet
  api=0 type=0 insize=2964 outsize=707 kw=DIRECTIONAL ok=1
Cmd: compileSnippet
  api=0 type=1 insize=2964 outsize=365 kw=DIRECTIONAL ok=1
Cmd: compileSnippet
  api=0 type=0 insize=5019 outsize=1644 kw=DIRECTIONAL SHADOWS_OFF LIGHTMAP_OFF DIRLIGHTMAP_OFF VERTEXLIGHT_ON ok=1
Cmd: compileSnippet
  api=0 type=0 insize=5019 outsize=583 kw=DIRECTIONAL SHADOWS_OFF LIGHTMAP_ON DIRLIGHTMAP_OFF ok=1
Cmd: compileSnippet
  api=0 type=1 insize=5019 outsize=488 kw=DIRECTIONAL SHADOWS_OFF LIGHTMAP_ON DIRLIGHTMAP_OFF ok=1
Cmd: preprocess
  insize=1111 outsize=995 ok=1
Cmd: compileSnippet
  api=0 type=0 insize=5019 outsize=1066 kw=DIRECTIONAL SHADOWS_OFF LIGHTMAP_OFF DIRLIGHTMAP_OFF ok=1
Cmd: compileSnippet
  api=0 type=1 insize=5019 outsize=406 kw=DIRECTIONAL SHADOWS_OFF LIGHTMAP_OFF DIRLIGHTMAP_OFF ok=1
Cmd: compileSnippet
  api=0 type=0 insize=2964 outsize=865 kw=POINT ok=1
Cmd: compileSnippet
  api=0 type=1 insize=2964 outsize=365 kw=POINT ok=1
Cmd: compileSnippet
  api=0 type=0 insize=2964 outsize=707 kw=DIRECTIONAL ok=1
Cmd: compileSnippet
  api=0 type=1 insize=2964 outsize=365 kw=DIRECTIONAL ok=1
Cmd: compileSnippet
  api=0 type=0 insize=5019 outsize=1644 kw=DIRECTIONAL SHADOWS_OFF LIGHTMAP_OFF DIRLIGHTMAP_OFF VERTEXLIGHT_ON ok=1
Cmd: compileSnippet
  api=0 type=0 insize=5019 outsize=583 kw=DIRECTIONAL SHADOWS_OFF LIGHTMAP_ON DIRLIGHTMAP_OFF ok=1
Cmd: compileSnippet
  api=0 type=1 insize=5019 outsize=488 kw=DIRECTIONAL SHADOWS_OFF LIGHTMAP_ON DIRLIGHTMAP_OFF ok=1
Cmd: preprocess
  insize=1119 outsize=995 ok=1
Cmd: compileSnippet
  api=0 type=0 insize=5027 outsize=1066 kw=DIRECTIONAL SHADOWS_OFF LIGHTMAP_OFF DIRLIGHTMAP_OFF ok=1
Cmd: compileSnippet
  api=0 type=1 insize=5027 outsize=493 kw=DIRECTIONAL SHADOWS_OFF LIGHTMAP_OFF DIRLIGHTMAP_OFF ok=1
Cmd: compileSnippet
  api=0 type=0 insize=2972 outsize=865 kw=POINT ok=1
Cmd: compileSnippet
  api=0 type=1 insize=2972 outsize=450 kw=POINT ok=1
Cmd: compileSnippet
  api=0 type=0 insize=2972 outsize=707 kw=DIRECTIONAL ok=1
Cmd: compileSnippet
  api=0 type=1 insize=2972 outsize=450 kw=DIRECTIONAL ok=1
Cmd: compileSnippet
  api=0 type=0 insize=5027 outsize=1644 kw=DIRECTIONAL SHADOWS_OFF LIGHTMAP_OFF DIRLIGHTMAP_OFF VERTEXLIGHT_ON ok=1
Cmd: compileSnippet
  api=0 type=0 insize=5027 outsize=583 kw=DIRECTIONAL SHADOWS_OFF LIGHTMAP_ON DIRLIGHTMAP_OFF ok=1
Cmd: compileSnippet
  api=0 type=1 insize=5027 outsize=575 kw=DIRECTIONAL SHADOWS_OFF LIGHTMAP_ON DIRLIGHTMAP_OFF ok=1
Cmd: preprocess
  insize=1119 outsize=994 ok=1
Cmd: compileSnippet
  api=0 type=0 insize=5027 outsize=1066 kw=DIRECTIONAL SHADOWS_OFF LIGHTMAP_OFF DIRLIGHTMAP_OFF ok=1
Cmd: compileSnippet
  api=0 type=1 insize=5027 outsize=491 kw=DIRECTIONAL SHADOWS_OFF LIGHTMAP_OFF DIRLIGHTMAP_OFF ok=1
Cmd: compileSnippet
  api=0 type=0 insize=2972 outsize=865 kw=POINT ok=1
Cmd: compileSnippet
  api=0 type=1 insize=2972 outsize=448 kw=POINT ok=1
Cmd: compileSnippet
  api=0 type=0 insize=2972 outsize=707 kw=DIRECTIONAL ok=1
Cmd: compileSnippet
  api=0 type=1 insize=2972 outsize=448 kw=DIRECTIONAL ok=1
Cmd: compileSnippet
  api=0 type=0 insize=5027 outsize=1644 kw=DIRECTIONAL SHADOWS_OFF LIGHTMAP_OFF DIRLIGHTMAP_OFF VERTEXLIGHT_ON ok=1
Cmd: compileSnippet
  api=0 type=0 insize=5027 outsize=583 kw=DIRECTIONAL SHADOWS_OFF LIGHTMAP_ON DIRLIGHTMAP_OFF ok=1
Cmd: compileSnippet
  api=0 type=1 insize=5027 outsize=573 kw=DIRECTIONAL SHADOWS_OFF LIGHTMAP_ON DIRLIGHTMAP_OFF ok=1
Cmd: preprocess
  insize=1119 outsize=993 ok=1
Cmd: compileSnippet
  api=0 type=0 insize=5027 outsize=1066 kw=DIRECTIONAL SHADOWS_OFF LIGHTMAP_OFF DIRLIGHTMAP_OFF ok=1
Cmd: compileSnippet
  api=0 type=1 insize=5027 outsize=493 kw=DIRECTIONAL SHADOWS_OFF LIGHTMAP_OFF DIRLIGHTMAP_OFF ok=1
Cmd: compileSnippet
  api=0 type=0 insize=2972 outsize=865 kw=POINT ok=1
Cmd: compileSnippet
  api=0 type=1 insize=2972 outsize=450 kw=POINT ok=1
Cmd: compileSnippet
  api=0 type=0 insize=2972 outsize=707 kw=DIRECTIONAL ok=1
Cmd: compileSnippet
  api=0 type=1 insize=2972 outsize=450 kw=DIRECTIONAL ok=1
Cmd: compileSnippet
  api=0 type=0 insize=5027 outsize=1644 kw=DIRECTIONAL SHADOWS_OFF LIGHTMAP_OFF DIRLIGHTMAP_OFF VERTEXLIGHT_ON ok=1
Cmd: compileSnippet
  api=0 type=0 insize=5027 outsize=583 kw=DIRECTIONAL SHADOWS_OFF LIGHTMAP_ON DIRLIGHTMAP_OFF ok=1
Cmd: compileSnippet
  api=0 type=1 insize=5027 outsize=575 kw=DIRECTIONAL SHADOWS_OFF LIGHTMAP_ON DIRLIGHTMAP_OFF ok=1
Cmd: preprocess
  insize=1119 outsize=995 ok=1
Cmd: compileSnippet
  api=0 type=0 insize=5027 outsize=1066 kw=DIRECTIONAL SHADOWS_OFF LIGHTMAP_OFF DIRLIGHTMAP_OFF ok=1
Cmd: compileSnippet
  api=0 type=1 insize=5027 outsize=493 kw=DIRECTIONAL SHADOWS_OFF LIGHTMAP_OFF DIRLIGHTMAP_OFF ok=1
Cmd: compileSnippet
  api=0 type=0 insize=2972 outsize=865 kw=POINT ok=1
Cmd: compileSnippet
  api=0 type=1 insize=2972 outsize=450 kw=POINT ok=1
Cmd: compileSnippet
  api=0 type=0 insize=2972 outsize=707 kw=DIRECTIONAL ok=1
Cmd: compileSnippet
  api=0 type=1 insize=2972 outsize=450 kw=DIRECTIONAL ok=1
Cmd: compileSnippet
  api=0 type=0 insize=5027 outsize=1644 kw=DIRECTIONAL SHADOWS_OFF LIGHTMAP_OFF DIRLIGHTMAP_OFF VERTEXLIGHT_ON ok=1
Cmd: compileSnippet
  api=0 type=0 insize=5027 outsize=583 kw=DIRECTIONAL SHADOWS_OFF LIGHTMAP_ON DIRLIGHTMAP_OFF ok=1
Cmd: compileSnippet
  api=0 type=1 insize=5027 outsize=575 kw=DIRECTIONAL SHADOWS_OFF LIGHTMAP_ON DIRLIGHTMAP_OFF ok=1
Cmd: preprocess
  error: 1 plat 1 at (35): implicit cast from "float4" to "float3"
  error: 2 plat 1 at (36): undefined variable "worldPos" unable to find compatible overloaded function "sin(error)"
  insize=1134 outsize=1696 ok=0
Cmd: preprocess
  error: 1 plat 1 at (35): implicit cast from "float4" to "float3"
  error: 2 plat 1 at (36): undefined variable "worldPos" unable to find compatible overloaded function "sin(error)"
  insize=1135 outsize=1697 ok=0
Cmd: preprocess
  error: 1 plat 1 at (35): implicit cast from "float4" to "float3"
  error: 2 plat 1 at (36): undefined variable "worldPos" unable to find compatible overloaded function "sin(error)"
  insize=1138 outsize=1700 ok=0
Cmd: preprocess
  error: 1 plat 1 at (35): implicit cast from "float4" to "float3"
  error: 2 plat 1 at (36): undefined variable "worldPos" unable to find compatible overloaded function "sin(error)"
  insize=1136 outsize=1698 ok=0
Cmd: preprocess
  error: 1 plat 1 at (35): implicit cast from "float4" to "float3"
  error: 2 plat 1 at (36): undefined variable "worldPos" unable to find compatible overloaded function "sin(error)"
  insize=1168 outsize=1730 ok=0
Cmd: preprocess
  error: 1 plat 1 at (35): implicit cast from "float4" to "float3"
  error: 2 plat 1 at (36): undefined variable "worldPos" unable to find compatible overloaded function "sin(error)"
  insize=1151 outsize=1713 ok=0
Cmd: preprocess
  error: 2 plat 1 at (36): undefined variable "worldPos" unable to find compatible overloaded function "sin(error)"
  insize=1151 outsize=1713 ok=0
Cmd: preprocess
  insize=1154 outsize=994 ok=1
Cmd: compileSnippet
  api=0 type=0 insize=5062 outsize=1066 kw=DIRECTIONAL SHADOWS_OFF LIGHTMAP_OFF DIRLIGHTMAP_OFF ok=1
Cmd: compileSnippet
  api=0 type=1 insize=5062 outsize=562 kw=DIRECTIONAL SHADOWS_OFF LIGHTMAP_OFF DIRLIGHTMAP_OFF ok=1
Cmd: compileSnippet
  api=0 type=0 insize=3007 outsize=865 kw=POINT ok=1
Cmd: compileSnippet
  api=0 type=1 insize=3007 outsize=519 kw=POINT ok=1
Cmd: compileSnippet
  api=0 type=0 insize=3007 outsize=707 kw=DIRECTIONAL ok=1
Cmd: compileSnippet
  api=0 type=1 insize=3007 outsize=519 kw=DIRECTIONAL ok=1
Cmd: compileSnippet
  api=0 type=0 insize=5062 outsize=1644 kw=DIRECTIONAL SHADOWS_OFF LIGHTMAP_OFF DIRLIGHTMAP_OFF VERTEXLIGHT_ON ok=1
Cmd: compileSnippet
  api=0 type=0 insize=5062 outsize=583 kw=DIRECTIONAL SHADOWS_OFF LIGHTMAP_ON DIRLIGHTMAP_OFF ok=1
Cmd: compileSnippet
  api=0 type=1 insize=5062 outsize=644 kw=DIRECTIONAL SHADOWS_OFF LIGHTMAP_ON DIRLIGHTMAP_OFF ok=1
Cmd: preprocess
  insize=1164 outsize=994 ok=1
Cmd: compileSnippet
  api=0 type=0 insize=5072 outsize=1066 kw=DIRECTIONAL SHADOWS_OFF LIGHTMAP_OFF DIRLIGHTMAP_OFF ok=1
Cmd: compileSnippet
  api=0 type=1 insize=5072 outsize=586 kw=DIRECTIONAL SHADOWS_OFF LIGHTMAP_OFF DIRLIGHTMAP_OFF ok=1
Cmd: compileSnippet
  api=0 type=0 insize=3017 outsize=865 kw=POINT ok=1
Cmd: compileSnippet
  api=0 type=1 insize=3017 outsize=543 kw=POINT ok=1
Cmd: compileSnippet
  api=0 type=0 insize=3017 outsize=707 kw=DIRECTIONAL ok=1
Cmd: compileSnippet
  api=0 type=1 insize=3017 outsize=543 kw=DIRECTIONAL ok=1
Cmd: compileSnippet
  api=0 type=0 insize=5072 outsize=1644 kw=DIRECTIONAL SHADOWS_OFF LIGHTMAP_OFF DIRLIGHTMAP_OFF VERTEXLIGHT_ON ok=1
Cmd: compileSnippet
  api=0 type=0 insize=5072 outsize=583 kw=DIRECTIONAL SHADOWS_OFF LIGHTMAP_ON DIRLIGHTMAP_OFF ok=1
Cmd: compileSnippet
  api=0 type=1 insize=5072 outsize=668 kw=DIRECTIONAL SHADOWS_OFF LIGHTMAP_ON DIRLIGHTMAP_OFF ok=1
Cmd: preprocess
  insize=1164 outsize=994 ok=1
Cmd: compileSnippet
  api=0 type=0 insize=5072 outsize=1066 kw=DIRECTIONAL SHADOWS_OFF LIGHTMAP_OFF DIRLIGHTMAP_OFF ok=1
Cmd: compileSnippet
  api=0 type=1 insize=5072 outsize=584 kw=DIRECTIONAL SHADOWS_OFF LIGHTMAP_OFF DIRLIGHTMAP_OFF ok=1
Cmd: compileSnippet
  api=0 type=0 insize=3017 outsize=865 kw=POINT ok=1
Cmd: compileSnippet
  api=0 type=1 insize=3017 outsize=541 kw=POINT ok=1
Cmd: compileSnippet
  api=0 type=0 insize=3017 outsize=707 kw=DIRECTIONAL ok=1
Cmd: compileSnippet
  api=0 type=1 insize=3017 outsize=541 kw=DIRECTIONAL ok=1
Cmd: compileSnippet
  api=0 type=0 insize=5072 outsize=1644 kw=DIRECTIONAL SHADOWS_OFF LIGHTMAP_OFF DIRLIGHTMAP_OFF VERTEXLIGHT_ON ok=1
Cmd: compileSnippet
  api=0 type=0 insize=5072 outsize=583 kw=DIRECTIONAL SHADOWS_OFF LIGHTMAP_ON DIRLIGHTMAP_OFF ok=1
Cmd: compileSnippet
  api=0 type=1 insize=5072 outsize=666 kw=DIRECTIONAL SHADOWS_OFF LIGHTMAP_ON DIRLIGHTMAP_OFF ok=1
Cmd: preprocess
  insize=1164 outsize=995 ok=1
Cmd: compileSnippet
  api=0 type=0 insize=5072 outsize=1066 kw=DIRECTIONAL SHADOWS_OFF LIGHTMAP_OFF DIRLIGHTMAP_OFF ok=1
Cmd: compileSnippet
  api=0 type=1 insize=5072 outsize=584 kw=DIRECTIONAL SHADOWS_OFF LIGHTMAP_OFF DIRLIGHTMAP_OFF ok=1
Cmd: compileSnippet
  api=0 type=0 insize=3017 outsize=865 kw=POINT ok=1
Cmd: compileSnippet
  api=0 type=1 insize=3017 outsize=541 kw=POINT ok=1
Cmd: compileSnippet
  api=0 type=0 insize=3017 outsize=707 kw=DIRECTIONAL ok=1
Cmd: compileSnippet
  api=0 type=1 insize=3017 outsize=541 kw=DIRECTIONAL ok=1
Cmd: compileSnippet
  api=0 type=0 insize=5072 outsize=1644 kw=DIRECTIONAL SHADOWS_OFF LIGHTMAP_OFF DIRLIGHTMAP_OFF VERTEXLIGHT_ON ok=1
Cmd: compileSnippet
  api=0 type=0 insize=5072 outsize=583 kw=DIRECTIONAL SHADOWS_OFF LIGHTMAP_ON DIRLIGHTMAP_OFF ok=1
Cmd: compileSnippet
  api=0 type=1 insize=5072 outsize=666 kw=DIRECTIONAL SHADOWS_OFF LIGHTMAP_ON DIRLIGHTMAP_OFF ok=1
Cmd: preprocess
  insize=1164 outsize=995 ok=1
Cmd: compileSnippet
  api=0 type=0 insize=5072 outsize=1066 kw=DIRECTIONAL SHADOWS_OFF LIGHTMAP_OFF DIRLIGHTMAP_OFF ok=1
Cmd: compileSnippet
  api=0 type=1 insize=5072 outsize=586 kw=DIRECTIONAL SHADOWS_OFF LIGHTMAP_OFF DIRLIGHTMAP_OFF ok=1
Cmd: compileSnippet
  api=0 type=0 insize=3017 outsize=865 kw=POINT ok=1
Cmd: compileSnippet
  api=0 type=1 insize=3017 outsize=543 kw=POINT ok=1
Cmd: compileSnippet
  api=0 type=0 insize=3017 outsize=707 kw=DIRECTIONAL ok=1
Cmd: compileSnippet
  api=0 type=1 insize=3017 outsize=543 kw=DIRECTIONAL ok=1
Cmd: compileSnippet
  api=0 type=0 insize=5072 outsize=1644 kw=DIRECTIONAL SHADOWS_OFF LIGHTMAP_OFF DIRLIGHTMAP_OFF VERTEXLIGHT_ON ok=1
Cmd: compileSnippet
  api=0 type=0 insize=5072 outsize=583 kw=DIRECTIONAL SHADOWS_OFF LIGHTMAP_ON DIRLIGHTMAP_OFF ok=1
Cmd: compileSnippet
  api=0 type=1 insize=5072 outsize=668 kw=DIRECTIONAL SHADOWS_OFF LIGHTMAP_ON DIRLIGHTMAP_OFF ok=1
Cmd: preprocess
  insize=1168 outsize=995 ok=1
Cmd: compileSnippet
  api=0 type=0 insize=5076 outsize=1066 kw=DIRECTIONAL SHADOWS_OFF LIGHTMAP_OFF DIRLIGHTMAP_OFF ok=1
Cmd: compileSnippet
  api=0 type=1 insize=5076 outsize=613 kw=DIRECTIONAL SHADOWS_OFF LIGHTMAP_OFF DIRLIGHTMAP_OFF ok=1
Cmd: compileSnippet
  api=0 type=0 insize=3021 outsize=865 kw=POINT ok=1
Cmd: compileSnippet
  api=0 type=1 insize=3021 outsize=568 kw=POINT ok=1
Cmd: compileSnippet
  api=0 type=0 insize=3021 outsize=707 kw=DIRECTIONAL ok=1
Cmd: compileSnippet
  api=0 type=1 insize=3021 outsize=568 kw=DIRECTIONAL ok=1
Cmd: compileSnippet
  api=0 type=0 insize=5076 outsize=1644 kw=DIRECTIONAL SHADOWS_OFF LIGHTMAP_OFF DIRLIGHTMAP_OFF VERTEXLIGHT_ON ok=1
Cmd: compileSnippet
  api=0 type=0 insize=5076 outsize=583 kw=DIRECTIONAL SHADOWS_OFF LIGHTMAP_ON DIRLIGHTMAP_OFF ok=1
Cmd: compileSnippet
  api=0 type=1 insize=5076 outsize=701 kw=DIRECTIONAL SHADOWS_OFF LIGHTMAP_ON DIRLIGHTMAP_OFF ok=1
Cmd: preprocess
  insize=1168 outsize=994 ok=1
Cmd: compileSnippet
  api=0 type=0 insize=5076 outsize=1066 kw=DIRECTIONAL SHADOWS_OFF LIGHTMAP_OFF DIRLIGHTMAP_OFF ok=1
Cmd: compileSnippet
  api=0 type=1 insize=5076 outsize=615 kw=DIRECTIONAL SHADOWS_OFF LIGHTMAP_OFF DIRLIGHTMAP_OFF ok=1
Cmd: compileSnippet
  api=0 type=0 insize=3021 outsize=865 kw=POINT ok=1
Cmd: compileSnippet
  api=0 type=1 insize=3021 outsize=568 kw=POINT ok=1
Cmd: compileSnippet
  api=0 type=0 insize=3021 outsize=707 kw=DIRECTIONAL ok=1
Cmd: compileSnippet
  api=0 type=1 insize=3021 outsize=568 kw=DIRECTIONAL ok=1
Cmd: compileSnippet
  api=0 type=0 insize=5076 outsize=1644 kw=DIRECTIONAL SHADOWS_OFF LIGHTMAP_OFF DIRLIGHTMAP_OFF VERTEXLIGHT_ON ok=1
Cmd: compileSnippet
  api=0 type=0 insize=5076 outsize=583 kw=DIRECTIONAL SHADOWS_OFF LIGHTMAP_ON DIRLIGHTMAP_OFF ok=1
Cmd: compileSnippet
  api=0 type=1 insize=5076 outsize=703 kw=DIRECTIONAL SHADOWS_OFF LIGHTMAP_ON DIRLIGHTMAP_OFF ok=1
Cmd: preprocess
  insize=1156 outsize=993 ok=1
Cmd: compileSnippet
  api=0 type=0 insize=5064 outsize=1066 kw=DIRECTIONAL SHADOWS_OFF LIGHTMAP_OFF DIRLIGHTMAP_OFF ok=1
Cmd: compileSnippet
  api=0 type=1 insize=5064 outsize=580 kw=DIRECTIONAL SHADOWS_OFF LIGHTMAP_OFF DIRLIGHTMAP_OFF ok=1
Cmd: compileSnippet
  api=0 type=0 insize=3009 outsize=865 kw=POINT ok=1
Cmd: compileSnippet
  api=0 type=1 insize=3009 outsize=535 kw=POINT ok=1
Cmd: compileSnippet
  api=0 type=0 insize=3009 outsize=707 kw=DIRECTIONAL ok=1
Cmd: compileSnippet
  api=0 type=1 insize=3009 outsize=535 kw=DIRECTIONAL ok=1
Cmd: compileSnippet
  api=0 type=0 insize=5064 outsize=1644 kw=DIRECTIONAL SHADOWS_OFF LIGHTMAP_OFF DIRLIGHTMAP_OFF VERTEXLIGHT_ON ok=1
Cmd: compileSnippet
  api=0 type=0 insize=5064 outsize=583 kw=DIRECTIONAL SHADOWS_OFF LIGHTMAP_ON DIRLIGHTMAP_OFF ok=1
Cmd: compileSnippet
  api=0 type=1 insize=5064 outsize=668 kw=DIRECTIONAL SHADOWS_OFF LIGHTMAP_ON DIRLIGHTMAP_OFF ok=1
Cmd: preprocess
  insize=1156 outsize=994 ok=1
Cmd: compileSnippet
  api=0 type=0 insize=5064 outsize=1066 kw=DIRECTIONAL SHADOWS_OFF LIGHTMAP_OFF DIRLIGHTMAP_OFF ok=1
Cmd: compileSnippet
  api=0 type=1 insize=5064 outsize=582 kw=DIRECTIONAL SHADOWS_OFF LIGHTMAP_OFF DIRLIGHTMAP_OFF ok=1
Cmd: compileSnippet
  api=0 type=0 insize=3009 outsize=865 kw=POINT ok=1
Cmd: compileSnippet
  api=0 type=1 insize=3009 outsize=537 kw=POINT ok=1
Cmd: compileSnippet
  api=0 type=0 insize=5064 outsize=1644 kw=DIRECTIONAL SHADOWS_OFF LIGHTMAP_OFF DIRLIGHTMAP_OFF VERTEXLIGHT_ON ok=1
Cmd: compileSnippet
  api=0 type=0 insize=5064 outsize=583 kw=DIRECTIONAL SHADOWS_OFF LIGHTMAP_ON DIRLIGHTMAP_OFF ok=1
Cmd: compileSnippet
  api=0 type=1 insize=5064 outsize=670 kw=DIRECTIONAL SHADOWS_OFF LIGHTMAP_ON DIRLIGHTMAP_OFF ok=1
Cmd: preprocess
  insize=1162 outsize=994 ok=1
Cmd: compileSnippet
  api=0 type=0 insize=5070 outsize=1066 kw=DIRECTIONAL SHADOWS_OFF LIGHTMAP_OFF DIRLIGHTMAP_OFF ok=1
Cmd: compileSnippet
  api=0 type=1 insize=5070 outsize=624 kw=DIRECTIONAL SHADOWS_OFF LIGHTMAP_OFF DIRLIGHTMAP_OFF ok=1
Cmd: compileSnippet
  api=0 type=0 insize=3015 outsize=865 kw=POINT ok=1
Cmd: compileSnippet
  api=0 type=1 insize=3015 outsize=583 kw=POINT ok=1
Cmd: compileSnippet
  api=0 type=0 insize=5070 outsize=1644 kw=DIRECTIONAL SHADOWS_OFF LIGHTMAP_OFF DIRLIGHTMAP_OFF VERTEXLIGHT_ON ok=1
Cmd: compileSnippet
  api=0 type=0 insize=5070 outsize=583 kw=DIRECTIONAL SHADOWS_OFF LIGHTMAP_ON DIRLIGHTMAP_OFF ok=1
Cmd: compileSnippet
  api=0 type=1 insize=5070 outsize=706 kw=DIRECTIONAL SHADOWS_OFF LIGHTMAP_ON DIRLIGHTMAP_OFF ok=1
Cmd: preprocess
  insize=1156 outsize=994 ok=1
Cmd: preprocess
  insize=1156 outsize=995 ok=1
Cmd: compileSnippet
  api=0 type=0 insize=5064 outsize=1066 kw=DIRECTIONAL SHADOWS_OFF LIGHTMAP_OFF DIRLIGHTMAP_OFF ok=1
Cmd: compileSnippet
  api=0 type=1 insize=5064 outsize=582 kw=DIRECTIONAL SHADOWS_OFF LIGHTMAP_OFF DIRLIGHTMAP_OFF ok=1
Cmd: compileSnippet
  api=0 type=0 insize=3009 outsize=865 kw=POINT ok=1
Cmd: compileSnippet
  api=0 type=1 insize=3009 outsize=537 kw=POINT ok=1
Cmd: compileSnippet
  api=0 type=0 insize=5064 outsize=1644 kw=DIRECTIONAL SHADOWS_OFF LIGHTMAP_OFF DIRLIGHTMAP_OFF VERTEXLIGHT_ON ok=1
Cmd: compileSnippet
  api=0 type=0 insize=5064 outsize=583 kw=DIRECTIONAL SHADOWS_OFF LIGHTMAP_ON DIRLIGHTMAP_OFF ok=1
Cmd: compileSnippet
  api=0 type=1 insize=5064 outsize=670 kw=DIRECTIONAL SHADOWS_OFF LIGHTMAP_ON DIRLIGHTMAP_OFF ok=1
Cmd: preprocess
  insize=1156 outsize=993 ok=1
Cmd: preprocess
  insize=1159 outsize=994 ok=1
Cmd: compileSnippet
  api=0 type=0 insize=5067 outsize=1066 kw=DIRECTIONAL SHADOWS_OFF LIGHTMAP_OFF DIRLIGHTMAP_OFF ok=1
Cmd: compileSnippet
  api=0 type=1 insize=5067 outsize=615 kw=DIRECTIONAL SHADOWS_OFF LIGHTMAP_OFF DIRLIGHTMAP_OFF ok=1
Cmd: compileSnippet
  api=0 type=0 insize=3012 outsize=865 kw=POINT ok=1
Cmd: compileSnippet
  api=0 type=1 insize=3012 outsize=574 kw=POINT ok=1
Cmd: compileSnippet
  api=0 type=0 insize=5067 outsize=1644 kw=DIRECTIONAL SHADOWS_OFF LIGHTMAP_OFF DIRLIGHTMAP_OFF VERTEXLIGHT_ON ok=1
Cmd: compileSnippet
  api=0 type=0 insize=5067 outsize=583 kw=DIRECTIONAL SHADOWS_OFF LIGHTMAP_ON DIRLIGHTMAP_OFF ok=1
Cmd: compileSnippet
  api=0 type=1 insize=5067 outsize=697 kw=DIRECTIONAL SHADOWS_OFF LIGHTMAP_ON DIRLIGHTMAP_OFF ok=1
Cmd: compileSnippet
  api=0 type=0 insize=3012 outsize=707 kw=DIRECTIONAL ok=1
Cmd: compileSnippet
  api=0 type=1 insize=3012 outsize=574 kw=DIRECTIONAL ok=1
